/*C1*/SET SCHEMA PUBLIC
CONNECT USER SA
drop table if exists Customer CASCADE
drop table if exists DiningTable CASCADE
drop table if exists Reservation CASCADE
create table Customer (id integer not null, customerID varchar(255), email varchar(255), name varchar(255), telephone varchar(255), primary key (id))
create table DiningTable (id integer not null, amountOfSeats integer not null, available boolean, tableNumber varchar(255), primary key (id))
create table Reservation (id integer not null, reservationDate date, reservationId varchar(255), reservationTime time, customer_id integer, table_id integer, primary key (id))
alter table Reservation add constraint FKmrfygyy9wi4be7nlyuogrn24n foreign key (customer_id) references Customer
alter table Reservation add constraint FK839smkkt6p1pwlhivviuhlq0f foreign key (table_id) references DiningTable
SET AUTOCOMMIT FALSE
ALTER SEQUENCE HIBERNATE_SEQUENCE RESTART WITH 1106
INSERT INTO CUSTOMER VALUES(1105,'530','doe.john@gmail.com','John Doe','0707080908')
COMMIT
SET AUTOCOMMIT TRUE
SET AUTOCOMMIT FALSE
ALTER SEQUENCE HIBERNATE_SEQUENCE RESTART WITH 1107
INSERT INTO CUSTOMER VALUES(1106,'531','anna@gmail.com','Anna Andersson','0701234567')
COMMIT
SET AUTOCOMMIT TRUE
SET AUTOCOMMIT FALSE
ALTER SEQUENCE HIBERNATE_SEQUENCE RESTART WITH 1108
INSERT INTO CUSTOMER VALUES(1107,'532','bertil@gmail.com','Bertil Bengtsson','0709876543')
COMMIT
SET AUTOCOMMIT TRUE
SET AUTOCOMMIT FALSE
ALTER SEQUENCE HIBERNATE_SEQUENCE RESTART WITH 1109
INSERT INTO CUSTOMER VALUES(1108,'533','cecilia@gmail.com','Cecilia Citron','0706146846')
COMMIT
SET AUTOCOMMIT TRUE
SET AUTOCOMMIT FALSE
ALTER SEQUENCE HIBERNATE_SEQUENCE RESTART WITH 1110
INSERT INTO DININGTABLE VALUES(1109,4,TRUE,'1')
COMMIT
SET AUTOCOMMIT TRUE
SET AUTOCOMMIT FALSE
ALTER SEQUENCE HIBERNATE_SEQUENCE RESTART WITH 1111
INSERT INTO DININGTABLE VALUES(1110,2,TRUE,'2')
COMMIT
SET AUTOCOMMIT TRUE
SET AUTOCOMMIT FALSE
ALTER SEQUENCE HIBERNATE_SEQUENCE RESTART WITH 1112
INSERT INTO DININGTABLE VALUES(1111,6,TRUE,'3')
COMMIT
SET AUTOCOMMIT TRUE
SET AUTOCOMMIT FALSE
SET AUTOCOMMIT TRUE
SET AUTOCOMMIT FALSE
SET AUTOCOMMIT TRUE
SET AUTOCOMMIT FALSE
ALTER SEQUENCE HIBERNATE_SEQUENCE RESTART WITH 1113
INSERT INTO RESERVATION VALUES(1112,'2025-05-27','12345','18:00:00',1105,1109)
COMMIT
SET AUTOCOMMIT TRUE
SET AUTOCOMMIT FALSE
SET AUTOCOMMIT TRUE
SET AUTOCOMMIT FALSE
SET AUTOCOMMIT TRUE
SET AUTOCOMMIT FALSE
ALTER SEQUENCE HIBERNATE_SEQUENCE RESTART WITH 1114
INSERT INTO RESERVATION VALUES(1113,'2025-05-27','12346','20:00:00',1106,1110)
COMMIT
SET AUTOCOMMIT TRUE
